Solution Method: <class 'NeoclassicalGrowth.VFI'>
	Degree 2 took 10.968505144119263
	Mean and Max EE are -3.828227298539654 & -2.7621172038562514
	Degree 3 took 6.668947219848633
	Mean and Max EE are -4.974626763285187 & -3.322176647935261
	Degree 4 took 5.802990913391113
	Mean and Max EE are -6.06050209675829 & -4.026228858829719
	Degree 5 took 4.505492925643921
	Mean and Max EE are -7.0002469647618 & -4.702989194895943
Solution Method: <class 'NeoclassicalGrowth.VFI_ECM'>
	Degree 2 took 0.37099432945251465
	Mean and Max EE are -3.828224462040908 & -2.76208241199401
	Degree 3 took 0.24163293838500977
	Mean and Max EE are -4.974628189358937 & -3.322183362327376
	Degree 4 took 0.2675929069519043
	Mean and Max EE are -6.060501458661441 & -4.026228230870751
	Degree 5 took 0.1519029140472412
	Mean and Max EE are -7.000246841302171 & -4.702989037353853
Solution Method: <class 'NeoclassicalGrowth.VFI_EGM'>
	Degree 2 took 5.046142339706421
	Mean and Max EE are -3.8282371764019287 & -2.762131223939766
	Degree 3 took 3.433929920196533
	Mean and Max EE are -4.974623148218632 & -3.3222165694917227
	Degree 4 took 3.1897571086883545
	Mean and Max EE are -6.0604937943490755 & -4.026220775717829
	Degree 5 took 2.280327320098877
	Mean and Max EE are -7.000268051560085 & -4.702994088097103
Solution Method: <class 'NeoclassicalGrowth.PFI'>
	Degree 2 took 5.5081627368927
	Mean and Max EE are -3.8282272987347343 & -2.7621172042072204
	Degree 3 took 5.269564151763916
	Mean and Max EE are -4.974626793042747 & -3.3221766967561432
	Degree 4 took 5.373045921325684
	Mean and Max EE are -6.060502097599136 & -4.026228859452531
	Degree 5 took 4.357431173324585
	Mean and Max EE are -7.000246944435095 & -4.702989174381353
Solution Method: <class 'NeoclassicalGrowth.PFI_ECM'>
	Degree 2 took 0.47862696647644043
	Mean and Max EE are -3.828224462148924 & -2.7620824121976377
	Degree 3 took 0.32275819778442383
	Mean and Max EE are -4.97462810935488 & -3.32218327008387
	Degree 4 took 0.39754390716552734
	Mean and Max EE are -6.0605014594975355 & -4.026228231589851
	Degree 5 took 0.26012110710144043
	Mean and Max EE are -7.000246842340135 & -4.702989038582635
Solution Method: <class 'NeoclassicalGrowth.dVFI_ECM'>
	Degree 2 took 0.6236579418182373
	Mean and Max EE are -3.828229584881185 & -2.7627926640396323
	Degree 3 took 0.6826329231262207
	Mean and Max EE are -4.974479798803427 & -3.32229862232067
	Degree 4 took 0.7246098518371582
	Mean and Max EE are -6.060474393135104 & -4.026206974401356
	Degree 5 took 0.8046107292175293
	Mean and Max EE are -7.000160498938178 & -4.70298310954397
Solution Method: <class 'NeoclassicalGrowth.EulEq'>
	Degree 2 took 0.3786640167236328
	Mean and Max EE are -3.823374497263294 & -2.7518508452493347
	Degree 3 took 0.25387001037597656
	Mean and Max EE are -4.973608649742543 & -3.3232579605968153
	Degree 4 took 0.23878884315490723
	Mean and Max EE are -6.060064544251268 & -4.025869683135131
	Degree 5 took 0.11818194389343262
	Mean and Max EE are -7.000370652485363 & -4.703035231696964
